<?xml version="1.0" encoding="UTF-8"?>
<testng-results skipped="0" failed="0" ignored="0" total="1" passed="1">
  <reporter-output>
  </reporter-output>
  <suite name="Default suite" duration-ms="7405" started-at="2020-10-24T11:26:09Z" finished-at="2020-10-24T11:26:16Z">
    <groups>
    </groups>
    <test name="Default test" duration-ms="7405" started-at="2020-10-24T11:26:09Z" finished-at="2020-10-24T11:26:16Z">
      <class name="tests.ProhibtedProductTestCase">
        <test-method status="PASS" signature="startDriver()[pri:0, instance:tests.ProhibtedProductTestCase@91161c7]" name="startDriver" is-config="true" duration-ms="8259" started-at="2020-10-24T11:26:00Z" finished-at="2020-10-24T11:26:09Z">
          <reporter-output>
          </reporter-output>
        </test-method> <!-- startDriver -->
        <test-method status="PASS" signature="userAddProhibtedItemsProducts()[pri:0, instance:tests.ProhibtedProductTestCase@91161c7]" name="userAddProhibtedItemsProducts" duration-ms="7386" started-at="2020-10-24T11:26:09Z" finished-at="2020-10-24T11:26:16Z">
          <reporter-output>
          </reporter-output>
        </test-method> <!-- userAddProhibtedItemsProducts -->
        <test-method status="PASS" signature="screenshotOnFailure(org.testng.ITestResult)[pri:0, instance:tests.ProhibtedProductTestCase@91161c7]" name="screenshotOnFailure" is-config="true" duration-ms="2" started-at="2020-10-24T11:26:16Z" finished-at="2020-10-24T11:26:16Z">
          <params>
            <param index="0">
              <value>
                <![CDATA[[TestResult name=userAddProhibtedItemsProducts status=SUCCESS method=ProhibtedProductTestCase.userAddProhibtedItemsProducts()[pri:0, instance:tests.ProhibtedProductTestCase@91161c7] output={null}]]]>
              </value>
            </param>
          </params>
          <reporter-output>
          </reporter-output>
        </test-method> <!-- screenshotOnFailure -->
        <test-method status="PASS" signature="stopDriver()[pri:0, instance:tests.ProhibtedProductTestCase@91161c7]" name="stopDriver" is-config="true" duration-ms="640" started-at="2020-10-24T11:26:16Z" finished-at="2020-10-24T11:26:17Z">
          <reporter-output>
          </reporter-output>
        </test-method> <!-- stopDriver -->
      </class> <!-- tests.ProhibtedProductTestCase -->
    </test> <!-- Default test -->
  </suite> <!-- Default suite -->
</testng-results>
